<?xml version="1.0" encoding="UTF-8" ?>
<testsuite tests="7" failures="0" name="com.citi.membership.enrollment.validator.EnrollmentRequestValidatorTest" time="0.043" errors="0" skipped="0">
  <properties>
    <property name="java.runtime.name" value="Java(TM) SE Runtime Environment"/>
    <property name="java.vm.version" value="13.0.2+8"/>
    <property name="sun.boot.library.path" value="D:\Program Files\Java\jdk-13.0.2\bin"/>
    <property name="maven.multiModuleProjectDirectory" value="D:\Users\asus\git\repository\Sreenu_project_Spring_Membership_enrollment_service\Membership-enrollment-service"/>
    <property name="java.vm.vendor" value="Oracle Corporation"/>
    <property name="java.vendor.url" value="https://java.oracle.com/"/>
    <property name="guice.disable.misplaced.annotation.check" value="true"/>
    <property name="path.separator" value=";"/>
    <property name="java.vm.name" value="Java HotSpot(TM) 64-Bit Server VM"/>
    <property name="sun.os.patch.level" value=""/>
    <property name="user.script" value=""/>
    <property name="user.country" value="US"/>
    <property name="sun.java.launcher" value="SUN_STANDARD"/>
    <property name="java.vm.specification.name" value="Java Virtual Machine Specification"/>
    <property name="user.dir" value="D:\Users\asus\git\repository\Sreenu_project_Spring_Membership_enrollment_service\Membership-enrollment-service"/>
    <property name="java.vm.compressedOopsMode" value="32-bit"/>
    <property name="java.runtime.version" value="13.0.2+8"/>
    <property name="os.arch" value="amd64"/>
    <property name="java.io.tmpdir" value="C:\Users\asus\AppData\Local\Temp\"/>
    <property name="line.separator" value="
"/>
    <property name="java.vm.specification.vendor" value="Oracle Corporation"/>
    <property name="user.variant" value=""/>
    <property name="os.name" value="Windows 10"/>
    <property name="classworlds.conf" value="E:\Saurabh\Java_Project_Real\JavaProject_Sreenu\Sreenu_Project_Saurabh\Sreenu_Project_spring_saurabh\.metadata\.plugins\org.eclipse.m2e.launching\launches\m2conf14028620128700520673.tmp"/>
    <property name="sun.jnu.encoding" value="Cp1252"/>
    <property name="java.library.path" value="D:\Program Files\Java\jdk-13.0.2\bin;C:\Windows\Sun\Java\bin;C:\Windows\system32;C:\Windows;C:\Program Files\Common Files\Oracle\Java\javapath;D:\app\asus\product\11.2.0\dbhome_2\bin;D:\app\asus\product\11.2.0\dbhome_1\bin;C:\Program Files\Java\jdk1.8.0_201\bin;C:\Windows\system32;C:\Windows;C:\Windows\System32\Wbem;C:\Windows\System32\WindowsPowerShell\v1.0\;C:\Program Files\Java\jdk1.8.0_201\bin;D:\Program Files\PuTTY\;E:\software\Maven Tool\apache-maven-3.6.3-bin\apache-maven-3.6.3\bin;D:\Program Files\nodejs\;C:\Program Files\Cloud Foundry;D:\Program Files\Java\jdk-11.0.8\bin;C:\Users\asus\AppData\Local\Microsoft\WindowsApps;C:\Users\asus\AppData\Roaming\npm;D:\Program Files\JetBrains\IntelliJ IDEA Community Edition 2020.2.3\bin;;."/>
    <property name="jdk.debug" value="release"/>
    <property name="java.class.version" value="57.0"/>
    <property name="java.specification.name" value="Java Platform API Specification"/>
    <property name="sun.management.compiler" value="HotSpot 64-Bit Tiered Compilers"/>
    <property name="os.version" value="10.0"/>
    <property name="user.home" value="C:\Users\asus"/>
    <property name="user.timezone" value="Asia/Calcutta"/>
    <property name="file.encoding" value="Cp1252"/>
    <property name="java.specification.version" value="13"/>
    <property name="user.name" value="asus"/>
    <property name="java.class.path" value="E:\software\java\eclipse-jee-2020-03-R-incubation-win32-x86_64\eclipse\plugins\org.eclipse.m2e.maven.runtime_1.16.0.20210129-0849\jars\plexus-classworlds-2.6.0.jar"/>
    <property name="java.vm.specification.version" value="13"/>
    <property name="sun.arch.data.model" value="64"/>
    <property name="sun.java.command" value="org.codehaus.plexus.classworlds.launcher.Launcher -B install pmd:pmd"/>
    <property name="java.home" value="D:\Program Files\Java\jdk-13.0.2"/>
    <property name="user.language" value="en"/>
    <property name="java.specification.vendor" value="Oracle Corporation"/>
    <property name="java.vm.info" value="mixed mode, sharing"/>
    <property name="java.version" value="13.0.2"/>
    <property name="java.vendor" value="Oracle Corporation"/>
    <property name="maven.home" value="D:\Users\asus\git\repository\Sreenu_project_Spring_Membership_enrollment_service\Membership-enrollment-service\EMBEDDED"/>
    <property name="file.separator" value="\"/>
    <property name="java.version.date" value="2020-01-14"/>
    <property name="java.vendor.url.bug" value="https://bugreport.java.com/bugreport/"/>
    <property name="sun.io.unicode.encoding" value="UnicodeLittle"/>
    <property name="sun.cpu.endian" value="little"/>
    <property name="sun.cpu.isalist" value="amd64"/>
  </properties>
  <testcase classname="com.citi.membership.enrollment.validator.EnrollmentRequestValidatorTest" name="testValidate_CustomerInfo_Null_Scenario" time="0.043"/>
  <testcase classname="com.citi.membership.enrollment.validator.EnrollmentRequestValidatorTest" name="testValidate_RequestObj_Null_Scenario" time="0"/>
  <testcase classname="com.citi.membership.enrollment.validator.EnrollmentRequestValidatorTest" name="testValidate_ClientId_Empty_Scenario" time="0"/>
  <testcase classname="com.citi.membership.enrollment.validator.EnrollmentRequestValidatorTest" name="testValidate_ClientInfo_Null_Scenario" time="0"/>
  <testcase classname="com.citi.membership.enrollment.validator.EnrollmentRequestValidatorTest" name="testValidate_ClientId_Null_Scenario" time="0"/>
  <testcase classname="com.citi.membership.enrollment.validator.EnrollmentRequestValidatorTest" name="testValidate_CardNum_Null_Scenario" time="0"/>
  <testcase classname="com.citi.membership.enrollment.validator.EnrollmentRequestValidatorTest" name="testValidate_ChannelId_Null_Scenario" time="0"/>
</testsuite>